2025-07-11T14:26:27.238-05:00  INFO 32892 --- [main] com.rubidium.api.ApiApplication          : Starting ApiApplication using Java 21.0.7 with PID 32892 (C:\Dev\rubidium\target\classes started by comunicaciones in C:\Dev\rubidium)
2025-07-11T14:26:27.248-05:00  INFO 32892 --- [main] com.rubidium.api.ApiApplication          : No active profile set, falling back to 1 default profile: "default"
2025-07-11T14:26:27.717-05:00  INFO 32892 --- [main] .s.d.r.c.RepositoryConfigurationDelegate : Bootstrapping Spring Data JPA repositories in DEFAULT mode.
2025-07-11T14:26:27.791-05:00  INFO 32892 --- [main] .s.d.r.c.RepositoryConfigurationDelegate : Finished Spring Data repository scanning in 60 ms. Found 3 JPA repository interfaces.
2025-07-11T14:26:28.193-05:00  INFO 32892 --- [main] o.s.b.w.embedded.tomcat.TomcatWebServer  : Tomcat initialized with port 8081 (http)
2025-07-11T14:26:28.193-05:00  INFO 32892 --- [main] o.apache.catalina.core.StandardService   : Starting service [Tomcat]
2025-07-11T14:26:28.193-05:00  INFO 32892 --- [main] o.apache.catalina.core.StandardEngine    : Starting Servlet engine: [Apache Tomcat/10.1.42]
2025-07-11T14:26:28.242-05:00  INFO 32892 --- [main] o.a.c.c.C.[Tomcat].[localhost].[/]       : Initializing Spring embedded WebApplicationContext
2025-07-11T14:26:28.255-05:00  INFO 32892 --- [main] w.s.c.ServletWebServerApplicationContext : Root WebApplicationContext: initialization completed in 979 ms
2025-07-11T14:26:28.326-05:00  WARN 32892 --- [main] ConfigServletWebServerApplicationContext : Exception encountered during context initialization - cancelling refresh attempt: org.springframework.beans.factory.BeanCreationException: Error creating bean with name 'entityManagerFactory' defined in class path resource [org/springframework/boot/autoconfigure/orm/jpa/HibernateJpaConfiguration.class]: Failed to initialize dependency 'dataSourceScriptDatabaseInitializer' of LoadTimeWeaverAware bean 'entityManagerFactory': Error creating bean with name 'dataSourceScriptDatabaseInitializer' defined in class path resource [org/springframework/boot/autoconfigure/sql/init/DataSourceInitializationConfiguration.class]: Unsatisfied dependency expressed through method 'dataSourceScriptDatabaseInitializer' parameter 0: Error creating bean with name 'dataSource' defined in class path resource [org/springframework/boot/autoconfigure/jdbc/DataSourceConfiguration$Hikari.class]: Failed to instantiate [com.zaxxer.hikari.HikariDataSource]: Factory method 'dataSource' threw exception with message: Failed to determine suitable jdbc url
2025-07-11T14:26:28.326-05:00  INFO 32892 --- [main] o.apache.catalina.core.StandardService   : Stopping service [Tomcat]
2025-07-11T14:26:28.343-05:00  INFO 32892 --- [main] .s.b.a.l.ConditionEvaluationReportLogger : 

Error starting ApplicationContext. To display the condition evaluation report re-run your application with 'debug' enabled.
2025-07-11T14:26:28.376-05:00 ERROR 32892 --- [main] o.s.b.d.LoggingFailureAnalysisReporter   : 

***************************
APPLICATION FAILED TO START
***************************

Description:

Failed to configure a DataSource: 'url' attribute is not specified and no embedded datasource could be configured.

Reason: Failed to determine suitable jdbc url


Action:

Consider the following:
	If you want an embedded database (H2, HSQL or Derby), please put it on the classpath.
	If you have database settings to be loaded from a particular profile you may need to activate it (no profiles are currently active).

